<?xml version="1.0" encoding="UTF-8"?>
<!-- Generated by org.testng.reporters.JUnitReportReporter -->
<testsuite skipped="0" hostname="HP-PC" name="TestScripts.Rediff_Login" tests="1" failures="0" timestamp="31 Mar 2018 04:21:37 GMT" time="7.906" errors="0">
  <testcase name="login" time="7.906" classname="TestScripts.Rediff_Login"/>
</testsuite> <!-- TestScripts.Rediff_Login -->
