<?xml version="1.0" encoding="UTF-8"?>
<!-- Generated by org.testng.reporters.JUnitReportReporter -->
<testsuite skipped="0" hostname="HP-PC" name="TestScripts.loginTC" tests="1" failures="0" timestamp="31 Mar 2018 05:43:17 GMT" time="1.253" errors="0">
  <testcase name="login" time="1.253" classname="TestScripts.loginTC"/>
</testsuite> <!-- TestScripts.loginTC -->
